C:\USERS\LXH199124\DOCUMENTS\PROJECT FALL 2013\VIDEOEVOLUTION\DEBUG\AUTOCOLORCORRELOGRAM.OBJ
C:\USERS\LXH199124\DOCUMENTS\PROJECT FALL 2013\VIDEOEVOLUTION\DEBUG\FLANN.OBJ
C:\USERS\LXH199124\DOCUMENTS\PROJECT FALL 2013\VIDEOEVOLUTION\DEBUG\FRAME.OBJ
C:\USERS\LXH199124\DOCUMENTS\PROJECT FALL 2013\VIDEOEVOLUTION\DEBUG\HISTOGRAM.OBJ
C:\USERS\LXH199124\DOCUMENTS\PROJECT FALL 2013\VIDEOEVOLUTION\DEBUG\MAIN.OBJ
C:\USERS\LXH199124\DOCUMENTS\PROJECT FALL 2013\VIDEOEVOLUTION\DEBUG\RESIZE.OBJ
C:\USERS\LXH199124\DOCUMENTS\PROJECT FALL 2013\VIDEOEVOLUTION\DEBUG\VIDEO.OBJ
C:\USERS\LXH199124\DOCUMENTS\PROJECT FALL 2013\VIDEOEVOLUTION\DEBUG\VC110.PDB
C:\USERS\LXH199124\DOCUMENTS\PROJECT FALL 2013\DEBUG\VIDEOEVOLUTION.ILK
C:\USERS\LXH199124\DOCUMENTS\PROJECT FALL 2013\DEBUG\VIDEOEVOLUTION.EXE
C:\USERS\LXH199124\DOCUMENTS\PROJECT FALL 2013\VIDEOEVOLUTION\DEBUG\VIDEOEVOLUTION.EXE.INTERMEDIATE.MANIFEST
C:\USERS\LXH199124\DOCUMENTS\PROJECT FALL 2013\DEBUG\VIDEOEVOLUTION.PDB
C:\USERS\LXH199124\DOCUMENTS\PROJECT FALL 2013\DEBUG\VIDEOEVOLUTION.EXE.MANIFEST
C:\Users\lxh199124\Documents\project fall 2013\VideoEvolution\Debug\AutoColorCorrelogram.obj
C:\Users\lxh199124\Documents\project fall 2013\VideoEvolution\Debug\Flann.obj
C:\Users\lxh199124\Documents\project fall 2013\VideoEvolution\Debug\Frame.obj
C:\Users\lxh199124\Documents\project fall 2013\VideoEvolution\Debug\histogram.obj
C:\Users\lxh199124\Documents\project fall 2013\VideoEvolution\Debug\main.obj
C:\Users\lxh199124\Documents\project fall 2013\VideoEvolution\Debug\resize.obj
C:\Users\lxh199124\Documents\project fall 2013\VideoEvolution\Debug\Video.obj
C:\Users\lxh199124\Documents\project fall 2013\VideoEvolution\Debug\cl.command.1.tlog
C:\Users\lxh199124\Documents\project fall 2013\VideoEvolution\Debug\CL.read.1.tlog
C:\Users\lxh199124\Documents\project fall 2013\VideoEvolution\Debug\CL.write.1.tlog
C:\Users\lxh199124\Documents\project fall 2013\VideoEvolution\Debug\link.command.1.tlog
C:\Users\lxh199124\Documents\project fall 2013\VideoEvolution\Debug\link.read.1.tlog
C:\Users\lxh199124\Documents\project fall 2013\VideoEvolution\Debug\link.write.1.tlog
C:\Users\lxh199124\Documents\project fall 2013\VideoEvolution\Debug\mt.command.1.tlog
C:\Users\lxh199124\Documents\project fall 2013\VideoEvolution\Debug\mt.read.1.tlog
C:\Users\lxh199124\Documents\project fall 2013\VideoEvolution\Debug\mt.write.1.tlog
C:\Users\lxh199124\Documents\project fall 2013\VideoEvolution\Debug\VideoEvolution.exe.intermediate.manifest
C:\Users\lxh199124\Documents\project fall 2013\VideoEvolution\Debug\vc110.idb
C:\Users\lxh199124\Documents\project fall 2013\VideoEvolution\Debug\vc110.pdb
C:\Users\lxh199124\Documents\project fall 2013\Debug\VideoEvolution.exe.manifest
C:\Users\lxh199124\Documents\project fall 2013\Debug\VideoEvolution.pdb
C:\Users\lxh199124\Documents\project fall 2013\Debug\VideoEvolution.exe
C:\Users\lxh199124\Documents\project fall 2013\Debug\VideoEvolution.ilk
