生成启动时间为 4/23/2013 7:14:45 PM。
     1>项目“C:\Users\Mengfei\Dropbox\Video Evolution\版本二-union find\VideoEvolution\VideoEvolution\VideoEvolution.vcxproj”在节点 2 上(rebuild 个目标)。
     1>PrepareForBuild:
         正在创建目录“C:\Users\Mengfei\Dropbox\Video Evolution\版本二-union find\VideoEvolution\Release\”。
       InitializeBuildStatus:
         正在创建“Release\VideoEvolution.unsuccessfulbuild”，因为已指定“AlwaysCreate”。
       ClCompile:
         C:\Program Files (x86)\Microsoft Visual Studio 10.0\VC\bin\CL.exe /c /Zi /nologo /W3 /WX- /O2 /Oi /Oy- /GL /D WIN32 /D NDEBUG /D _CONSOLE /D _UNICODE /D UNICODE /Gm- /EHsc /MD /GS /Gy /fp:precise /Zc:wchar_t /Zc:forScope /Fo"Release\\" /Fd"Release\vc100.pdb" /Gd /TP /analyze- /errorReport:prompt AutoColorCorrelogram.cpp Flann.cpp Frame.cpp main.cpp UnionFind.cpp Video.cpp
         AutoColorCorrelogram.cpp
     1>c:\users\mengfei\dropbox\video evolution\版本二-union find\videoevolution\videoevolution\Frame.h(3): fatal error C1083: 无法打开包括文件:“cv.h”: No such file or directory
         Flann.cpp
     1>Flann.cpp(6): fatal error C1083: 无法打开包括文件:“cv.h”: No such file or directory
         Frame.cpp
     1>Frame.cpp(2): fatal error C1083: 无法打开包括文件:“cv.h”: No such file or directory
         main.cpp
     1>c:\users\mengfei\dropbox\video evolution\版本二-union find\videoevolution\videoevolution\Frame.h(3): fatal error C1083: 无法打开包括文件:“cv.h”: No such file or directory
         UnionFind.cpp
     1>c:\users\mengfei\dropbox\video evolution\版本二-union find\videoevolution\videoevolution\MyLib.h(15): warning C4305: “初始化”: 从“double”到“const float”截断
         Video.cpp
     1>Video.cpp(2): fatal error C1083: 无法打开包括文件:“cv.h”: No such file or directory
     1>已完成生成项目“C:\Users\Mengfei\Dropbox\Video Evolution\版本二-union find\VideoEvolution\VideoEvolution\VideoEvolution.vcxproj”(rebuild 个目标)的操作 - 失败。

生成失败。

已用时间 00:00:01.42
